<?xml version="1.0" encoding="UTF-8"?>
<!-- Generated by org.testng.reporters.JUnitReportReporter -->
<testsuite hostname="vishnu" failures="0" tests="1" name="com.ID_Website.SmokeTests.Loreal_Search_Checkout" time="55.886" errors="0" timestamp="2024-04-02T12:12:14 IST" skipped="0">
  <testcase classname="com.ID_Website.SmokeTests.Loreal_Search_Checkout" name="searchCheckout" time="55.886"/>
</testsuite> <!-- com.ID_Website.SmokeTests.Loreal_Search_Checkout -->
