<?xml version="1.0" encoding="UTF-8"?>
<!-- Generated by org.testng.reporters.JUnitReportReporter -->
<testsuite hostname="vishnu" failures="0" tests="1" name="com.ID_Website.SmokeTests.LorealProductCheckout" time="56.293" errors="0" timestamp="2024-04-02T12:12:14 IST" skipped="0">
  <testcase classname="com.ID_Website.SmokeTests.LorealProductCheckout" name="productCheckout" time="56.293"/>
</testsuite> <!-- com.ID_Website.SmokeTests.LorealProductCheckout -->
